<?xml version="1.0" encoding="UTF-8"?>
<testng-results ignored="0" total="2" passed="2" failed="0" skipped="0">
  <reporter-output>
  </reporter-output>
  <suite started-at="2020-10-19T12:32:53 IST" name="Default suite" finished-at="2020-10-19T12:33:16 IST" duration-ms="22914">
    <groups>
    </groups>
    <test started-at="2020-10-19T12:32:53 IST" name="Default test" finished-at="2020-10-19T12:33:16 IST" duration-ms="22914">
      <class name="test.test.Seleniumtest">
        <test-method signature="LaunchBrowser()[pri:1, instance:test.test.Seleniumtest@7bd4937b]" started-at="2020-10-19T12:32:53 IST" name="LaunchBrowser" finished-at="2020-10-19T12:33:08 IST" duration-ms="15485" status="PASS">
          <reporter-output>
          </reporter-output>
        </test-method> <!-- LaunchBrowser -->
        <test-method signature="amazon()[pri:2, instance:test.test.Seleniumtest@7bd4937b]" started-at="2020-10-19T12:33:08 IST" name="amazon" finished-at="2020-10-19T12:33:16 IST" duration-ms="7364" status="PASS">
          <reporter-output>
          </reporter-output>
        </test-method> <!-- amazon -->
      </class> <!-- test.test.Seleniumtest -->
    </test> <!-- Default test -->
  </suite> <!-- Default suite -->
</testng-results>
